Assuming unrestricted shared filesystem usage.
host: sebas-MS-7D09
Building DAG of jobs...
Using shell: /usr/bin/bash
Provided cores: 20
Rules claiming more threads will be scaled down.
Job stats:
job                                 count
--------------------------------  -------
all                                     1
build_ecuador_intermediate_input        1
build_h5n1_ec_fasta                     1
build_h5n1_final_fasta                  1
mafft_align_per_segment                 8
raxml_ng_tree_per_segment               8
split_h5n1_final_by_segment             1
total                                  21

Select jobs to execute...
Execute 5 jobs...
[Tue Mar 24 21:55:12 2026]
localrule mafft_align_per_segment:
    input: data/phylogeny/by_segment/H5N1_PA.fasta
    output: data/phylogeny/aligned/H5N1_PA.mafft
    jobid: 10
    reason: Forced execution
    wildcards: segment=PA
    threads: 4
    resources: tmpdir=/tmp
Activating conda environment: .snakemake/conda/b5e3927d7e5dd358e1b57cb243e32c28_
[Tue Mar 24 21:55:12 2026]
localrule mafft_align_per_segment:
    input: data/phylogeny/by_segment/H5N1_NP.fasta
    output: data/phylogeny/aligned/H5N1_NP.mafft
    jobid: 14
    reason: Forced execution
    wildcards: segment=NP
    threads: 4
    resources: tmpdir=/tmp
Activating conda environment: .snakemake/conda/b5e3927d7e5dd358e1b57cb243e32c28_
[Tue Mar 24 21:55:12 2026]
localrule mafft_align_per_segment:
    input: data/phylogeny/by_segment/H5N1_MP.fasta
    output: data/phylogeny/aligned/H5N1_MP.mafft
    jobid: 18
    reason: Forced execution
    wildcards: segment=MP
    threads: 4
    resources: tmpdir=/tmp
[Tue Mar 24 21:55:12 2026]
localrule mafft_align_per_segment:
    input: data/phylogeny/by_segment/H5N1_NS.fasta
    output: data/phylogeny/aligned/H5N1_NS.mafft
    jobid: 20
    reason: Forced execution
    wildcards: segment=NS
    threads: 4
    resources: tmpdir=/tmp
Activating conda environment: .snakemake/conda/b5e3927d7e5dd358e1b57cb243e32c28_
Activating conda environment: .snakemake/conda/b5e3927d7e5dd358e1b57cb243e32c28_
[Tue Mar 24 21:55:12 2026]
localrule mafft_align_per_segment:
    input: data/phylogeny/by_segment/H5N1_PB1.fasta
    output: data/phylogeny/aligned/H5N1_PB1.mafft
    jobid: 8
    reason: Forced execution
    wildcards: segment=PB1
    threads: 4
    resources: tmpdir=/tmp
Activating conda environment: .snakemake/conda/b5e3927d7e5dd358e1b57cb243e32c28_
Select jobs to execute...
[Tue Mar 24 21:55:14 2026]
Finished jobid: 18 (Rule: mafft_align_per_segment)
1 of 21 steps (5%) done
Execute 1 jobs...
[Tue Mar 24 21:55:14 2026]
localrule mafft_align_per_segment:
    input: data/phylogeny/by_segment/H5N1_PB2.fasta
    output: data/phylogeny/aligned/H5N1_PB2.mafft
    jobid: 6
    reason: Forced execution
    wildcards: segment=PB2
    threads: 4
    resources: tmpdir=/tmp
Activating conda environment: .snakemake/conda/b5e3927d7e5dd358e1b57cb243e32c28_
[Tue Mar 24 21:55:14 2026]
Finished jobid: 14 (Rule: mafft_align_per_segment)
2 of 21 steps (10%) done
Select jobs to execute...
Execute 1 jobs...
[Tue Mar 24 21:55:14 2026]
localrule mafft_align_per_segment:
    input: data/phylogeny/by_segment/H5N1_HA.fasta
    output: data/phylogeny/aligned/H5N1_HA.mafft
    jobid: 12
    reason: Forced execution
    wildcards: segment=HA
    threads: 4
    resources: tmpdir=/tmp
Activating conda environment: .snakemake/conda/b5e3927d7e5dd358e1b57cb243e32c28_
Select jobs to execute...
[Tue Mar 24 21:55:27 2026]
Finished jobid: 20 (Rule: mafft_align_per_segment)
3 of 21 steps (14%) done
Execute 1 jobs...
[Tue Mar 24 21:55:27 2026]
localrule mafft_align_per_segment:
    input: data/phylogeny/by_segment/H5N1_NA.fasta
    output: data/phylogeny/aligned/H5N1_NA.mafft
    jobid: 16
    reason: Forced execution
    wildcards: segment=NA
    threads: 4
    resources: tmpdir=/tmp
Activating conda environment: .snakemake/conda/b5e3927d7e5dd358e1b57cb243e32c28_
Select jobs to execute...
[Tue Mar 24 21:55:33 2026]
Finished jobid: 12 (Rule: mafft_align_per_segment)
4 of 21 steps (19%) done
Execute 1 jobs...
[Tue Mar 24 21:55:33 2026]
localrule build_ecuador_intermediate_input:
    input: ../run1/amended_consensus.fasta, ../run10/amended_consensus.fasta, ../run12/amended_consensus.fasta, ../run17/amended_consensus.fasta, ../run2/amended_consensus.fasta, ../run20/amended_consensus.fasta, ../run21/amended_consensus.fasta, ../run22/amended_consensus.fasta, ../run23/amended_consensus.fasta, ../run24/amended_consensus.fasta, ../run25/amended_consensus.fasta, ../run26/amended_consensus.fasta, ../run3/amended_consensus.fasta, ../run8/amended_consensus.fasta, ../run9/amended_consensus.fasta, ../run_agro/amended_consensus.fasta, config/flu_filtrado.csv
    output: data/all_amended_fasta, data/assembled/ecuador_intermediate_raw_segments.csv, data/assembled/ecuador_intermediate_expected_lengths.csv, data/assembled/ecuador_intermediate_summary.csv, data/assembled/ecuador_intermediate_audit.csv, data/assembled/ecuador_intermediate_issues.csv, data/assembled/ecuador_intermediate_sequences.fasta, data/assembled/ecuador_intermediate_per_sample
    jobid: 1
    reason: Forced execution
    resources: tmpdir=/tmp
Select jobs to execute...
[Tue Mar 24 21:55:33 2026]
Finished jobid: 16 (Rule: mafft_align_per_segment)
5 of 21 steps (24%) done
[Tue Mar 24 21:55:34 2026]
Finished jobid: 1 (Rule: build_ecuador_intermediate_input)
6 of 21 steps (29%) done
Execute 1 jobs...
[Tue Mar 24 21:55:34 2026]
localrule build_h5n1_ec_fasta:
    input: data/assembled/ecuador_intermediate_per_sample, data/assembled/ecuador_intermediate_audit.csv, config/flu_filtrado.csv
    output: data/exports/H5N1_EC.fasta, data/exports/H5N1_EC_summary.csv
    jobid: 2
    reason: Forced execution
    resources: tmpdir=/tmp
Select jobs to execute...
[Tue Mar 24 21:55:34 2026]
Finished jobid: 2 (Rule: build_h5n1_ec_fasta)
7 of 21 steps (33%) done
Execute 1 jobs...
[Tue Mar 24 21:55:34 2026]
localrule build_h5n1_final_fasta:
    input: data/exports/H5N1_EC.fasta, config/final_metadata_50_per_country_isolates.tsv
    output: data/exports/H5N1_context.fasta, data/exports/H5N1_context_summary.csv, data/final/H5N1_final.fasta
    jobid: 3
    reason: Forced execution
    resources: tmpdir=/tmp
Select jobs to execute...
[Tue Mar 24 21:55:37 2026]
Finished jobid: 10 (Rule: mafft_align_per_segment)
8 of 21 steps (38%) done
[Tue Mar 24 21:55:39 2026]
Finished jobid: 8 (Rule: mafft_align_per_segment)
9 of 21 steps (43%) done
Execute 1 jobs...
[Tue Mar 24 21:55:39 2026]
localrule raxml_ng_tree_per_segment:
    input: data/phylogeny/aligned/H5N1_MP.mafft
    output: results/phylogeny/raxml/MP/H5N1_MP.raxml.bestTreeCollapsed, results/phylogeny/raxml/MP/H5N1_MP.raxml.supportFBP, results/phylogeny/raxml/MP/H5N1_MP.raxml.supportTBE
    jobid: 17
    reason: Forced execution
    wildcards: segment=MP
    threads: 12
    resources: tmpdir=/tmp
Activating conda environment: .snakemake/conda/b5e3927d7e5dd358e1b57cb243e32c28_
Select jobs to execute...
RuleException:
CalledProcessError in file "/home/sebas/MIRA_NGS/flu_aviar/rules/ml_per_segment.smk", line 55:
Command 'source /home/sebas/miniconda3/bin/activate '/home/sebas/MIRA_NGS/flu_aviar/.snakemake/conda/b5e3927d7e5dd358e1b57cb243e32c28_'; set -euo pipefail;  
		mkdir -p results/phylogeny/raxml/MP
		raxml-ng \
			--all \
			--msa data/phylogeny/aligned/H5N1_MP.mafft \
			--model GTR+G \
			--prefix results/phylogeny/raxml/MP/H5N1_MP \
			--threads 12 \
			--bs-trees 300 \
			--bs-metric fbp,tbe' returned non-zero exit status 1.
[Tue Mar 24 21:55:39 2026]
Error in rule raxml_ng_tree_per_segment:
    message: None
    jobid: 17
    input: data/phylogeny/aligned/H5N1_MP.mafft
    output: results/phylogeny/raxml/MP/H5N1_MP.raxml.bestTreeCollapsed, results/phylogeny/raxml/MP/H5N1_MP.raxml.supportFBP, results/phylogeny/raxml/MP/H5N1_MP.raxml.supportTBE
    conda-env: /home/sebas/MIRA_NGS/flu_aviar/.snakemake/conda/b5e3927d7e5dd358e1b57cb243e32c28_
    shell:
        
		mkdir -p results/phylogeny/raxml/MP
		raxml-ng \
			--all \
			--msa data/phylogeny/aligned/H5N1_MP.mafft \
			--model GTR+G \
			--prefix results/phylogeny/raxml/MP/H5N1_MP \
			--threads 12 \
			--bs-trees 300 \
			--bs-metric fbp,tbe
		
        (command exited with non-zero exit code)
[Tue Mar 24 21:55:39 2026]
Finished jobid: 3 (Rule: build_h5n1_final_fasta)
10 of 21 steps (48%) done
[Tue Mar 24 21:55:42 2026]
Finished jobid: 6 (Rule: mafft_align_per_segment)
11 of 21 steps (52%) done
Shutting down, this might take some time.
Exiting because a job execution failed. Look below for error messages
[Tue Mar 24 21:55:42 2026]
Error in rule raxml_ng_tree_per_segment:
    message: None
    jobid: 17
    input: data/phylogeny/aligned/H5N1_MP.mafft
    output: results/phylogeny/raxml/MP/H5N1_MP.raxml.bestTreeCollapsed, results/phylogeny/raxml/MP/H5N1_MP.raxml.supportFBP, results/phylogeny/raxml/MP/H5N1_MP.raxml.supportTBE
    conda-env: /home/sebas/MIRA_NGS/flu_aviar/.snakemake/conda/b5e3927d7e5dd358e1b57cb243e32c28_
    shell:
        
		mkdir -p results/phylogeny/raxml/MP
		raxml-ng \
			--all \
			--msa data/phylogeny/aligned/H5N1_MP.mafft \
			--model GTR+G \
			--prefix results/phylogeny/raxml/MP/H5N1_MP \
			--threads 12 \
			--bs-trees 300 \
			--bs-metric fbp,tbe
		
        (command exited with non-zero exit code)
Complete log(s): /home/sebas/MIRA_NGS/flu_aviar/.snakemake/log/2026-03-24T215511.799287.snakemake.log
WorkflowError:
At least one job did not complete successfully.
