Assuming unrestricted shared filesystem usage.
host: sebas-MS-7D09
Building DAG of jobs...
Using shell: /usr/bin/bash
Provided cores: 8
Rules claiming more threads will be scaled down.
Job stats:
job                          count
-------------------------  -------
raxml_ng_tree_per_segment        8
raxml_trees_all_segments         1
total                            9

Select jobs to execute...
Execute 1 jobs...
[Wed Mar 18 22:00:45 2026]
localrule raxml_ng_tree_per_segment:
    input: data/phylogeny/aligned/H5N1_PB2.mafft
    output: results/phylogeny/raxml/PB2/H5N1_PB2.raxml.bestTreeCollapsed, results/phylogeny/raxml/PB2/H5N1_PB2.raxml.supportFBP, results/phylogeny/raxml/PB2/H5N1_PB2.raxml.supportTBE
    jobid: 1
    reason: Missing output files: results/phylogeny/raxml/PB2/H5N1_PB2.raxml.supportFBP
    wildcards: segment=PB2
    threads: 8
    resources: tmpdir=/tmp
Activating conda environment: .snakemake/conda/b5e3927d7e5dd358e1b57cb243e32c28_
Select jobs to execute...
[Wed Mar 18 22:01:22 2026]
Finished jobid: 1 (Rule: raxml_ng_tree_per_segment)
1 of 9 steps (11%) done
Execute 1 jobs...
[Wed Mar 18 22:01:22 2026]
localrule raxml_ng_tree_per_segment:
    input: data/phylogeny/aligned/H5N1_NS.mafft
    output: results/phylogeny/raxml/NS/H5N1_NS.raxml.bestTreeCollapsed, results/phylogeny/raxml/NS/H5N1_NS.raxml.supportFBP, results/phylogeny/raxml/NS/H5N1_NS.raxml.supportTBE
    jobid: 15
    reason: Missing output files: results/phylogeny/raxml/NS/H5N1_NS.raxml.supportFBP
    wildcards: segment=NS
    threads: 8
    resources: tmpdir=/tmp
Activating conda environment: .snakemake/conda/b5e3927d7e5dd358e1b57cb243e32c28_
Select jobs to execute...
[Wed Mar 18 22:02:28 2026]
Finished jobid: 15 (Rule: raxml_ng_tree_per_segment)
2 of 9 steps (22%) done
Execute 1 jobs...
[Wed Mar 18 22:02:28 2026]
localrule raxml_ng_tree_per_segment:
    input: data/phylogeny/aligned/H5N1_NA.mafft
    output: results/phylogeny/raxml/NA/H5N1_NA.raxml.bestTreeCollapsed, results/phylogeny/raxml/NA/H5N1_NA.raxml.supportFBP, results/phylogeny/raxml/NA/H5N1_NA.raxml.supportTBE
    jobid: 11
    reason: Missing output files: results/phylogeny/raxml/NA/H5N1_NA.raxml.supportFBP
    wildcards: segment=NA
    threads: 8
    resources: tmpdir=/tmp
Activating conda environment: .snakemake/conda/b5e3927d7e5dd358e1b57cb243e32c28_
Select jobs to execute...
RuleException:
CalledProcessError in file "/home/sebas/MIRA_NGS/flu_aviar/rules/ml_per_segment.smk", line 55:
Command 'source /home/sebas/miniconda3/bin/activate '/home/sebas/MIRA_NGS/flu_aviar/.snakemake/conda/b5e3927d7e5dd358e1b57cb243e32c28_'; set -euo pipefail;  
		mkdir -p results/phylogeny/raxml/NA
		raxml-ng \
			--all \
			--msa data/phylogeny/aligned/H5N1_NA.mafft \
			--model GTR+G \
			--prefix results/phylogeny/raxml/NA/H5N1_NA \
			--threads 8 \
			--bs-trees 300 \
			--bs-metric fbp,tbe' returned non-zero exit status 1.
[Wed Mar 18 22:02:28 2026]
Error in rule raxml_ng_tree_per_segment:
    message: None
    jobid: 11
    input: data/phylogeny/aligned/H5N1_NA.mafft
    output: results/phylogeny/raxml/NA/H5N1_NA.raxml.bestTreeCollapsed, results/phylogeny/raxml/NA/H5N1_NA.raxml.supportFBP, results/phylogeny/raxml/NA/H5N1_NA.raxml.supportTBE
    conda-env: /home/sebas/MIRA_NGS/flu_aviar/.snakemake/conda/b5e3927d7e5dd358e1b57cb243e32c28_
    shell:
        
		mkdir -p results/phylogeny/raxml/NA
		raxml-ng \
			--all \
			--msa data/phylogeny/aligned/H5N1_NA.mafft \
			--model GTR+G \
			--prefix results/phylogeny/raxml/NA/H5N1_NA \
			--threads 8 \
			--bs-trees 300 \
			--bs-metric fbp,tbe
		
        (command exited with non-zero exit code)
Shutting down, this might take some time.
Exiting because a job execution failed. Look below for error messages
[Wed Mar 18 22:02:28 2026]
Error in rule raxml_ng_tree_per_segment:
    message: None
    jobid: 11
    input: data/phylogeny/aligned/H5N1_NA.mafft
    output: results/phylogeny/raxml/NA/H5N1_NA.raxml.bestTreeCollapsed, results/phylogeny/raxml/NA/H5N1_NA.raxml.supportFBP, results/phylogeny/raxml/NA/H5N1_NA.raxml.supportTBE
    conda-env: /home/sebas/MIRA_NGS/flu_aviar/.snakemake/conda/b5e3927d7e5dd358e1b57cb243e32c28_
    shell:
        
		mkdir -p results/phylogeny/raxml/NA
		raxml-ng \
			--all \
			--msa data/phylogeny/aligned/H5N1_NA.mafft \
			--model GTR+G \
			--prefix results/phylogeny/raxml/NA/H5N1_NA \
			--threads 8 \
			--bs-trees 300 \
			--bs-metric fbp,tbe
		
        (command exited with non-zero exit code)
Complete log(s): /home/sebas/MIRA_NGS/flu_aviar/.snakemake/log/2026-03-18T220044.172057.snakemake.log
WorkflowError:
At least one job did not complete successfully.
