Assuming unrestricted shared filesystem usage.
host: sebas-MS-7D09
Building DAG of jobs...
Using shell: /usr/bin/bash
Provided cores: 1 (use --cores to define parallelism)
Rules claiming more threads will be scaled down.
Job stats:
job                                 count
--------------------------------  -------
all                                     1
build_ecuador_intermediate_input        1
build_h5n1_ec_fasta                     1
build_h5n1_final_fasta                  1
total                                   4

Select jobs to execute...
Execute 1 jobs...
[Wed Mar 18 15:01:51 2026]
localrule build_ecuador_intermediate_input:
    input: ../run1/amended_consensus.fasta, ../run10/amended_consensus.fasta, ../run12/amended_consensus.fasta, ../run17/amended_consensus.fasta, ../run2/amended_consensus.fasta, ../run20/amended_consensus.fasta, ../run21/amended_consensus.fasta, ../run22/amended_consensus.fasta, ../run23/amended_consensus.fasta, ../run24/amended_consensus.fasta, ../run25/amended_consensus.fasta, ../run26/amended_consensus.fasta, ../run3/amended_consensus.fasta, ../run8/amended_consensus.fasta, ../run9/amended_consensus.fasta, ../run_agro/amended_consensus.fasta, config/flu_filtrado.csv
    output: data/all_amended_fasta, data/assembled/ecuador_intermediate_raw_segments.csv, data/assembled/ecuador_intermediate_expected_lengths.csv, data/assembled/ecuador_intermediate_summary.csv, data/assembled/ecuador_intermediate_audit.csv, data/assembled/ecuador_intermediate_issues.csv, data/assembled/ecuador_intermediate_sequences.fasta, data/assembled/ecuador_intermediate_per_sample
    jobid: 1
    reason: Missing output files: data/assembled/ecuador_intermediate_issues.csv, data/assembled/ecuador_intermediate_summary.csv, data/assembled/ecuador_intermediate_per_sample, data/assembled/ecuador_intermediate_audit.csv, data/all_amended_fasta, data/assembled/ecuador_intermediate_sequences.fasta
    resources: tmpdir=/tmp
[Wed Mar 18 15:01:52 2026]
Finished jobid: 1 (Rule: build_ecuador_intermediate_input)
1 of 4 steps (25%) done
Select jobs to execute...
Execute 1 jobs...
[Wed Mar 18 15:01:52 2026]
localrule build_h5n1_ec_fasta:
    input: data/assembled/ecuador_intermediate_per_sample, data/assembled/ecuador_intermediate_audit.csv, config/flu_filtrado.csv
    output: data/exports/H5N1_EC.fasta, data/exports/H5N1_EC_summary.csv
    jobid: 2
    reason: Missing output files: data/exports/H5N1_EC.fasta, data/exports/H5N1_EC_summary.csv; Input files updated by another job: data/assembled/ecuador_intermediate_audit.csv, data/assembled/ecuador_intermediate_per_sample
    resources: tmpdir=/tmp
[Wed Mar 18 15:01:52 2026]
Finished jobid: 2 (Rule: build_h5n1_ec_fasta)
2 of 4 steps (50%) done
Select jobs to execute...
Execute 1 jobs...
[Wed Mar 18 15:01:52 2026]
localrule build_h5n1_final_fasta:
    input: data/exports/H5N1_EC.fasta, config/final_metadata_50_per_country.tsv
    output: data/exports/H5N1_context.fasta, data/exports/H5N1_context_summary.csv, data/final/H5N1_final.fasta
    jobid: 3
    reason: Missing output files: data/exports/H5N1_context_summary.csv, data/final/H5N1_final.fasta, data/exports/H5N1_context.fasta; Input files updated by another job: data/exports/H5N1_EC.fasta
    resources: tmpdir=/tmp
[Wed Mar 18 15:01:55 2026]
Finished jobid: 3 (Rule: build_h5n1_final_fasta)
3 of 4 steps (75%) done
Select jobs to execute...
Execute 1 jobs...
[Wed Mar 18 15:01:55 2026]
localrule all:
    input: data/all_amended_fasta, data/assembled/ecuador_intermediate_summary.csv, data/assembled/ecuador_intermediate_audit.csv, data/assembled/ecuador_intermediate_issues.csv, data/assembled/ecuador_intermediate_sequences.fasta, data/assembled/ecuador_intermediate_per_sample, data/exports/H5N1_EC.fasta, data/exports/H5N1_EC_summary.csv, data/exports/H5N1_context.fasta, data/exports/H5N1_context_summary.csv, data/final/H5N1_final.fasta
    jobid: 0
    reason: Input files updated by another job: data/assembled/ecuador_intermediate_issues.csv, data/assembled/ecuador_intermediate_summary.csv, data/exports/H5N1_context_summary.csv, data/exports/H5N1_context.fasta, data/assembled/ecuador_intermediate_audit.csv, data/assembled/ecuador_intermediate_per_sample, data/exports/H5N1_EC.fasta, data/exports/H5N1_EC_summary.csv, data/all_amended_fasta, data/final/H5N1_final.fasta, data/assembled/ecuador_intermediate_sequences.fasta
    resources: tmpdir=/tmp
[Wed Mar 18 15:01:55 2026]
Finished jobid: 0 (Rule: all)
4 of 4 steps (100%) done
Complete log(s): /home/sebas/MIRA_NGS/flu_aviar/.snakemake/log/2026-03-18T150151.937584.snakemake.log
