Assuming unrestricted shared filesystem usage.
host: sebas-MS-7D09
Building DAG of jobs...
Using shell: /usr/bin/bash
Provided cores: 8
Rules claiming more threads will be scaled down.
Job stats:
job                          count
-------------------------  -------
mafft_align_per_segment          8
raxml_ng_tree_per_segment        8
raxml_trees_all_segments         1
total                           17

Select jobs to execute...
Execute 2 jobs...
[Wed Mar 18 21:56:28 2026]
localrule mafft_align_per_segment:
    input: data/phylogeny/by_segment/H5N1_NA.fasta
    output: data/phylogeny/aligned/H5N1_NA.mafft
    jobid: 12
    reason: Missing output files: data/phylogeny/aligned/H5N1_NA.mafft
    wildcards: segment=NA
    threads: 4
    resources: tmpdir=/tmp
[Wed Mar 18 21:56:28 2026]
localrule mafft_align_per_segment:
    input: data/phylogeny/by_segment/H5N1_NS.fasta
    output: data/phylogeny/aligned/H5N1_NS.mafft
    jobid: 16
    reason: Missing output files: data/phylogeny/aligned/H5N1_NS.mafft
    wildcards: segment=NS
    threads: 4
    resources: tmpdir=/tmp
Activating conda environment: .snakemake/conda/b5e3927d7e5dd358e1b57cb243e32c28_
Activating conda environment: .snakemake/conda/b5e3927d7e5dd358e1b57cb243e32c28_
Select jobs to execute...
[Wed Mar 18 21:56:31 2026]
Finished jobid: 12 (Rule: mafft_align_per_segment)
1 of 17 steps (6%) done
Execute 1 jobs...
[Wed Mar 18 21:56:31 2026]
localrule mafft_align_per_segment:
    input: data/phylogeny/by_segment/H5N1_HA.fasta
    output: data/phylogeny/aligned/H5N1_HA.mafft
    jobid: 8
    reason: Missing output files: data/phylogeny/aligned/H5N1_HA.mafft
    wildcards: segment=HA
    threads: 4
    resources: tmpdir=/tmp
Activating conda environment: .snakemake/conda/b5e3927d7e5dd358e1b57cb243e32c28_
Select jobs to execute...
[Wed Mar 18 21:56:37 2026]
Finished jobid: 16 (Rule: mafft_align_per_segment)
2 of 17 steps (12%) done
Execute 1 jobs...
[Wed Mar 18 21:56:37 2026]
localrule mafft_align_per_segment:
    input: data/phylogeny/by_segment/H5N1_PB1.fasta
    output: data/phylogeny/aligned/H5N1_PB1.mafft
    jobid: 4
    reason: Missing output files: data/phylogeny/aligned/H5N1_PB1.mafft
    wildcards: segment=PB1
    threads: 4
    resources: tmpdir=/tmp
Activating conda environment: .snakemake/conda/b5e3927d7e5dd358e1b57cb243e32c28_
Select jobs to execute...
[Wed Mar 18 21:56:43 2026]
Finished jobid: 8 (Rule: mafft_align_per_segment)
3 of 17 steps (18%) done
Execute 1 jobs...
[Wed Mar 18 21:56:43 2026]
localrule mafft_align_per_segment:
    input: data/phylogeny/by_segment/H5N1_MP.fasta
    output: data/phylogeny/aligned/H5N1_MP.mafft
    jobid: 14
    reason: Missing output files: data/phylogeny/aligned/H5N1_MP.mafft
    wildcards: segment=MP
    threads: 4
    resources: tmpdir=/tmp
Activating conda environment: .snakemake/conda/b5e3927d7e5dd358e1b57cb243e32c28_
Select jobs to execute...
[Wed Mar 18 21:56:44 2026]
Finished jobid: 14 (Rule: mafft_align_per_segment)
4 of 17 steps (24%) done
Execute 1 jobs...
[Wed Mar 18 21:56:44 2026]
localrule mafft_align_per_segment:
    input: data/phylogeny/by_segment/H5N1_NP.fasta
    output: data/phylogeny/aligned/H5N1_NP.mafft
    jobid: 10
    reason: Missing output files: data/phylogeny/aligned/H5N1_NP.mafft
    wildcards: segment=NP
    threads: 4
    resources: tmpdir=/tmp
Activating conda environment: .snakemake/conda/b5e3927d7e5dd358e1b57cb243e32c28_
Select jobs to execute...
[Wed Mar 18 21:56:46 2026]
Finished jobid: 10 (Rule: mafft_align_per_segment)
5 of 17 steps (29%) done
Execute 1 jobs...
[Wed Mar 18 21:56:46 2026]
localrule mafft_align_per_segment:
    input: data/phylogeny/by_segment/H5N1_PB2.fasta
    output: data/phylogeny/aligned/H5N1_PB2.mafft
    jobid: 2
    reason: Missing output files: data/phylogeny/aligned/H5N1_PB2.mafft
    wildcards: segment=PB2
    threads: 4
    resources: tmpdir=/tmp
Activating conda environment: .snakemake/conda/b5e3927d7e5dd358e1b57cb243e32c28_
Select jobs to execute...
[Wed Mar 18 21:56:55 2026]
Finished jobid: 4 (Rule: mafft_align_per_segment)
6 of 17 steps (35%) done
Execute 1 jobs...
[Wed Mar 18 21:56:55 2026]
localrule mafft_align_per_segment:
    input: data/phylogeny/by_segment/H5N1_PA.fasta
    output: data/phylogeny/aligned/H5N1_PA.mafft
    jobid: 6
    reason: Missing output files: data/phylogeny/aligned/H5N1_PA.mafft
    wildcards: segment=PA
    threads: 4
    resources: tmpdir=/tmp
Activating conda environment: .snakemake/conda/b5e3927d7e5dd358e1b57cb243e32c28_
Select jobs to execute...
[Wed Mar 18 21:57:06 2026]
Finished jobid: 2 (Rule: mafft_align_per_segment)
7 of 17 steps (41%) done
[Wed Mar 18 21:57:12 2026]
Finished jobid: 6 (Rule: mafft_align_per_segment)
8 of 17 steps (47%) done
Execute 1 jobs...
[Wed Mar 18 21:57:12 2026]
localrule raxml_ng_tree_per_segment:
    input: data/phylogeny/aligned/H5N1_PB2.mafft
    output: results/phylogeny/raxml/PB2/H5N1_PB2.raxml.bestTree, results/phylogeny/raxml/PB2/H5N1_PB2.raxml.log, results/phylogeny/raxml/PB2/H5N1_PB2.raxml.support
    jobid: 1
    reason: Missing output files: results/phylogeny/raxml/PB2/H5N1_PB2.raxml.support; Input files updated by another job: data/phylogeny/aligned/H5N1_PB2.mafft
    wildcards: segment=PB2
    threads: 8
    resources: tmpdir=/tmp
Activating conda environment: .snakemake/conda/b5e3927d7e5dd358e1b57cb243e32c28_
Select jobs to execute...
Waiting at most 5 seconds for missing files:
results/phylogeny/raxml/PB2/H5N1_PB2.raxml.support (missing locally)
MissingOutputException in rule raxml_ng_tree_per_segment in file "/home/sebas/MIRA_NGS/flu_aviar/rules/ml_per_segment.smk", line 39:
Job 1  completed successfully, but some output files are missing. Missing files after 5 seconds. This might be due to filesystem latency. If that is the case, consider to increase the wait time with --latency-wait:
results/phylogeny/raxml/PB2/H5N1_PB2.raxml.support (missing locally, parent dir contents: H5N1_PB2.raxml.log, H5N1_PB2.raxml.bestModel, H5N1_PB2.raxml.rba, H5N1_PB2.raxml.supportTBE, H5N1_PB2.raxml.startTree, H5N1_PB2.raxml.mlTrees, H5N1_PB2.raxml.reduced.phy, H5N1_PB2.raxml.bestTreeCollapsed, H5N1_PB2.raxml.bestTree, H5N1_PB2.raxml.bootstraps, H5N1_PB2.raxml.supportFBP)
Removing output files of failed job raxml_ng_tree_per_segment since they might be corrupted:
results/phylogeny/raxml/PB2/H5N1_PB2.raxml.bestTree, results/phylogeny/raxml/PB2/H5N1_PB2.raxml.log
Shutting down, this might take some time.
Exiting because a job execution failed. Look below for error messages
[Wed Mar 18 21:57:54 2026]
Error in rule raxml_ng_tree_per_segment:
    message: None
    jobid: 1
    input: data/phylogeny/aligned/H5N1_PB2.mafft
    output: results/phylogeny/raxml/PB2/H5N1_PB2.raxml.bestTree, results/phylogeny/raxml/PB2/H5N1_PB2.raxml.log, results/phylogeny/raxml/PB2/H5N1_PB2.raxml.support
    conda-env: /home/sebas/MIRA_NGS/flu_aviar/.snakemake/conda/b5e3927d7e5dd358e1b57cb243e32c28_
    shell:
        
		mkdir -p results/phylogeny/raxml/PB2
		raxml-ng \
			--all \
			--msa data/phylogeny/aligned/H5N1_PB2.mafft \
			--model GTR+G \
			--prefix results/phylogeny/raxml/PB2/H5N1_PB2 \
			--threads 8 \
			--bs-trees 300 \
			--bs-metric fbp,tbe
		
        (command exited with non-zero exit code)
Complete log(s): /home/sebas/MIRA_NGS/flu_aviar/.snakemake/log/2026-03-18T215626.951787.snakemake.log
WorkflowError:
At least one job did not complete successfully.
