Assuming unrestricted shared filesystem usage.
host: sebas-MS-7D09
Building DAG of jobs...
Using shell: /usr/bin/bash
Provided cores: 20
Rules claiming more threads will be scaled down.
Job stats:
job                                 count
--------------------------------  -------
all                                     1
build_ecuador_intermediate_input        1
build_h5n1_ec_fasta                     1
build_h5n1_final_fasta                  1
split_h5n1_final_by_segment             1
total                                   5

Select jobs to execute...
Execute 1 jobs...
[Wed Mar 18 21:53:56 2026]
localrule build_ecuador_intermediate_input:
    input: ../run1/amended_consensus.fasta, ../run10/amended_consensus.fasta, ../run12/amended_consensus.fasta, ../run17/amended_consensus.fasta, ../run2/amended_consensus.fasta, ../run20/amended_consensus.fasta, ../run21/amended_consensus.fasta, ../run22/amended_consensus.fasta, ../run23/amended_consensus.fasta, ../run24/amended_consensus.fasta, ../run25/amended_consensus.fasta, ../run26/amended_consensus.fasta, ../run3/amended_consensus.fasta, ../run8/amended_consensus.fasta, ../run9/amended_consensus.fasta, ../run_agro/amended_consensus.fasta, config/flu_filtrado.csv
    output: data/all_amended_fasta, data/assembled/ecuador_intermediate_raw_segments.csv, data/assembled/ecuador_intermediate_expected_lengths.csv, data/assembled/ecuador_intermediate_summary.csv, data/assembled/ecuador_intermediate_audit.csv, data/assembled/ecuador_intermediate_issues.csv, data/assembled/ecuador_intermediate_sequences.fasta, data/assembled/ecuador_intermediate_per_sample
    jobid: 1
    reason: Forced execution
    resources: tmpdir=/tmp
[Wed Mar 18 21:53:57 2026]
Finished jobid: 1 (Rule: build_ecuador_intermediate_input)
1 of 5 steps (20%) done
Select jobs to execute...
Execute 1 jobs...
[Wed Mar 18 21:53:57 2026]
localrule build_h5n1_ec_fasta:
    input: data/assembled/ecuador_intermediate_per_sample, data/assembled/ecuador_intermediate_audit.csv, config/flu_filtrado.csv
    output: data/exports/H5N1_EC.fasta, data/exports/H5N1_EC_summary.csv
    jobid: 2
    reason: Forced execution
    resources: tmpdir=/tmp
[Wed Mar 18 21:53:57 2026]
Finished jobid: 2 (Rule: build_h5n1_ec_fasta)
2 of 5 steps (40%) done
Select jobs to execute...
Execute 1 jobs...
[Wed Mar 18 21:53:57 2026]
localrule build_h5n1_final_fasta:
    input: data/exports/H5N1_EC.fasta, config/final_metadata_50_per_country.tsv
    output: data/exports/H5N1_context.fasta, data/exports/H5N1_context_summary.csv, data/final/H5N1_final.fasta
    jobid: 3
    reason: Forced execution
    resources: tmpdir=/tmp
[Wed Mar 18 21:54:00 2026]
Finished jobid: 3 (Rule: build_h5n1_final_fasta)
3 of 5 steps (60%) done
Select jobs to execute...
Execute 1 jobs...
[Wed Mar 18 21:54:00 2026]
localrule split_h5n1_final_by_segment:
    input: data/final/H5N1_final.fasta
    output: data/phylogeny/by_segment, data/phylogeny/by_segment_summary.csv
    jobid: 4
    reason: Forced execution
    resources: tmpdir=/tmp
[Wed Mar 18 21:54:00 2026]
Finished jobid: 4 (Rule: split_h5n1_final_by_segment)
4 of 5 steps (80%) done
Select jobs to execute...
Execute 1 jobs...
[Wed Mar 18 21:54:00 2026]
localrule all:
    input: data/all_amended_fasta, data/assembled/ecuador_intermediate_summary.csv, data/assembled/ecuador_intermediate_audit.csv, data/assembled/ecuador_intermediate_issues.csv, data/assembled/ecuador_intermediate_sequences.fasta, data/assembled/ecuador_intermediate_per_sample, data/exports/H5N1_EC.fasta, data/exports/H5N1_EC_summary.csv, data/exports/H5N1_context.fasta, data/exports/H5N1_context_summary.csv, data/final/H5N1_final.fasta, data/phylogeny/by_segment, data/phylogeny/by_segment_summary.csv
    jobid: 0
    reason: Forced execution
    resources: tmpdir=/tmp
[Wed Mar 18 21:54:00 2026]
Finished jobid: 0 (Rule: all)
5 of 5 steps (100%) done
Complete log(s): /home/sebas/MIRA_NGS/flu_aviar/.snakemake/log/2026-03-18T215356.490149.snakemake.log
