Assuming unrestricted shared filesystem usage.
host: sebas-MS-7D09
Building DAG of jobs...
Traceback (most recent call last):

  File "/home/sebas/miniconda3/envs/snakemake/lib/python3.13/site-packages/snakemake/cli.py", line 2194, in args_to_api
    dag_api.execute_workflow(
    ~~~~~~~~~~~~~~~~~~~~~~~~^
        executor=args.executor,
        ^^^^^^^^^^^^^^^^^^^^^^^
    ...<46 lines>...
        scheduler_settings=scheduler_settings,
        ^^^^^^^^^^^^^^^^^^^^^^^^^^^^^^^^^^^^^^
    )
    ^

  File "/home/sebas/miniconda3/envs/snakemake/lib/python3.13/site-packages/snakemake/api.py", line 646, in execute_workflow
    workflow.execute(
    ~~~~~~~~~~~~~~~~^
        executor_plugin=executor_plugin,
        ^^^^^^^^^^^^^^^^^^^^^^^^^^^^^^^^
    ...<4 lines>...
        updated_files=updated_files,
        ^^^^^^^^^^^^^^^^^^^^^^^^^^^^
    )
    ^

  File "/home/sebas/miniconda3/envs/snakemake/lib/python3.13/site-packages/snakemake/workflow.py", line 1347, in execute
    self.dag.create_conda_envs()
    ~~~~~~~~~~~~~~~~~~~~~~~~~~^^

  File "/home/sebas/miniconda3/envs/snakemake/lib/python3.13/site-packages/snakemake/dag.py", line 545, in create_conda_envs
    env.create(self.workflow.dryrun)
    ~~~~~~~~~~^^^^^^^^^^^^^^^^^^^^^^

  File "/home/sebas/miniconda3/envs/snakemake/lib/python3.13/site-packages/snakemake/deployment/conda.py", line 441, in create
    env_path = self.address
               ^^^^^^^^^^^^

  File "/home/sebas/miniconda3/envs/snakemake/lib/python3.13/site-packages/snakemake/deployment/conda.py", line 279, in address
    self.hash[:8],
    ^^^^^^^^^

  File "/home/sebas/miniconda3/envs/snakemake/lib/python3.13/site-packages/snakemake/deployment/conda.py", line 214, in hash
    self._hash = self._get_hash(
                 ~~~~~~~~~~~~~~^
        include_location=True, include_container_img=True
        ^^^^^^^^^^^^^^^^^^^^^^^^^^^^^^^^^^^^^^^^^^^^^^^^^
    )
    ^

  File "/home/sebas/miniconda3/envs/snakemake/lib/python3.13/site-packages/snakemake/deployment/conda.py", line 249, in _get_hash
    md5hash.update(self.content)
                   ^^^^^^^^^^^^

  File "/home/sebas/miniconda3/envs/snakemake/lib/python3.13/site-packages/snakemake/deployment/conda.py", line 193, in content
    self._content = self._get_content()
                    ~~~~~~~~~~~~~~~~~^^

  File "/home/sebas/miniconda3/envs/snakemake/lib/python3.13/site-packages/snakemake/deployment/conda.py", line 168, in _get_content
    return self.workflow.sourcecache.open(self.file, "rb").read()
           ~~~~~~~~~~~~~~~~~~~~~~~~~~~~~~^^^^^^^^^^^^^^^^^

  File "/home/sebas/miniconda3/envs/snakemake/lib/python3.13/site-packages/snakemake/sourcecache.py", line 719, in open
    cache_entry = self._cache(source_file)

  File "/home/sebas/miniconda3/envs/snakemake/lib/python3.13/site-packages/snakemake/sourcecache.py", line 752, in _cache
    self._do_cache(source_file, cache_entry, retries=retries)
    ~~~~~~~~~~~~~~^^^^^^^^^^^^^^^^^^^^^^^^^^^^^^^^^^^^^^^^^^^

  File "/home/sebas/miniconda3/envs/snakemake/lib/python3.13/site-packages/snakemake/sourcecache.py", line 756, in _do_cache
    mtime = source_file.mtime()

  File "/home/sebas/miniconda3/envs/snakemake/lib/python3.13/site-packages/snakemake/sourcecache.py", line 204, in mtime
    return os.stat(self.path).st_mtime
           ~~~~~~~^^^^^^^^^^^

FileNotFoundError: [Errno 2] No such file or directory: '/home/sebas/MIRA_NGS/flu_aviar/rules/envs/ml_per_segment.yml'

